objc[28835]: Class VCWeakObjectHolder is implemented in both /Applications/Xcode.app/Contents/Developer/Platforms/iPhoneOS.platform/Developer/Library/CoreSimulator/Profiles/Runtimes/iOS.simruntime/Contents/Resources/RuntimeRoot/System/Library/PrivateFrameworks/AVConference.framework/Frameworks/ViceroyTrace.framework/ViceroyTrace (0x129c904d0) and /Applications/Xcode.app/Contents/Developer/Platforms/iPhoneOS.platform/Developer/Library/CoreSimulator/Profiles/Runtimes/iOS.simruntime/Contents/Resources/RuntimeRoot/System/Library/PrivateFrameworks/AVConference.framework/AVConference (0x129b0ff48). One of the two will be used. Which one is undefined.
objc[28835]: Class MPExportableArtworkProperties is implemented in both /Applications/Xcode.app/Contents/Developer/Platforms/iPhoneOS.platform/Developer/Library/CoreSimulator/Profiles/Runtimes/iOS.simruntime/Contents/Resources/RuntimeRoot/System/Library/Frameworks/MediaPlayer.framework/MediaPlayer (0x10dea77d0) and /Applications/Xcode.app/Contents/Developer/Platforms/iPhoneOS.platform/Developer/Library/CoreSimulator/Profiles/Runtimes/iOS.simruntime/Contents/Resources/RuntimeRoot/System/Library/PrivateFrameworks/MediaPlaybackCore.framework/MediaPlaybackCore (0x121304108). One of the two will be used. Which one is undefined.
objc[28835]: Class SFUserNotification is implemented in both /Applications/Xcode.app/Contents/Developer/Platforms/iPhoneOS.platform/Developer/Library/CoreSimulator/Profiles/Runtimes/iOS.simruntime/Contents/Resources/RuntimeRoot/System/Library/PrivateFrameworks/Sharing.framework/Sharing (0x1291baab0) and /Applications/Xcode.app/Contents/Developer/Platforms/iPhoneOS.platform/Developer/Library/CoreSimulator/Profiles/Runtimes/iOS.simruntime/Contents/Resources/RuntimeRoot/System/Library/Frameworks/SafariServices.framework/SafariServices (0x10b8a1448). One of the two will be used. Which one is undefined.
2018-03-14 22:28:18.637 baka[28835:5877534] 
Unhandled Exception:
System.Reflection.TargetInvocationException: Exception has been thrown by the target of an invocation. ---> System.NullReferenceException: Object reference not set to an instance of an object
  at baka.ZamekDetailViewController..ctor (System.IntPtr handle) [0x0001d] in <256ce4109a354d28b84d2d4d9e62e894>:0 
  at (wrapper managed-to-native) System.Reflection.MonoCMethod.InternalInvoke(System.Reflection.MonoCMethod,object,object[],System.Exception&)
  at System.Reflection.MonoCMethod.InternalInvoke (System.Object obj, System.Object[] parameters) [0x00002] in <cf9013b38a4e4129bd64785080dd2844>:0 
   --- End of inner exception stack trace ---
  at System.Reflection.MonoCMethod.InternalInvoke (System.Object obj, System.Object[] parameters) [0x00017] in <cf9013b38a4e4129bd64785080dd2844>:0 
  at System.Reflection.MonoCMethod.DoInvoke (System.Object obj, System.Reflection.BindingFlags invokeAttr, System.Reflection.Binder binder, System.Object[] parameters, System.Globalization.CultureInfo culture) [0x0007a] in <cf9013b38a4e4129bd64785080dd2844>:0 
  at System.Reflection.MonoCMethod.Invoke (System.Reflection.BindingFlags invokeAttr, System.Reflection.Binder binder, System.Object[] parameters, System.Globalization.CultureInfo culture) [0x00000] in <cf9013b38a4e4129bd64785080dd2844>:0 
  at System.Reflection.ConstructorInfo.Invoke (System.Object[] parameters) [0x00000] in <cf9013b38a4e4129bd64785080dd2844>:0 
  at ObjCRuntime.Runtime.ConstructNSObject[T] (System.IntPtr ptr, System.Type type, ObjCRuntime.Runtime+MissingCtorResolution missingCtorResolution) [0x0003e] in <b7935acd70e343049845d6fd73e5ec44>:0 
  at ObjCRuntime.Runtime.ConstructNSObject (System.IntPtr ptr, System.IntPtr klass, ObjCRuntime.Runtime+MissingCtorResolution missingCtorResolution) [0x00013] in <b7935acd70e343049845d6fd73e5ec44>:0 
  at ObjCRuntime.Runtime.GetNSObject (System.IntPtr ptr, ObjCRuntime.Runtime+MissingCtorResolution missingCtorResolution, System.Boolean evenInFinalizerQueue) [0x00029] in <b7935acd70e343049845d6fd73e5ec44>:0 
  at Registrar.DynamicRegistrar.GetMethodDescriptionAndObject (System.Type type, System.IntPtr selector, System.Boolean is_static, System.IntPtr obj, System.IntPtr& mthis, System.IntPtr desc) [0x0005d] in <b7935acd70e343049845d6fd73e5ec44>:0 
  at ObjCRuntime.Runtime.GetMethodAndObjectForSelector (System.IntPtr klass, System.IntPtr sel, System.Boolean is_static, System.IntPtr obj, System.IntPtr& mthis, System.IntPtr desc) [0x0000b] in <b7935acd70e343049845d6fd73e5ec44>:0 
  at ObjCRuntime.Runtime.get_method_and_object_for_selector (System.IntPtr cls, System.IntPtr sel, System.Boolean is_static, System.IntPtr obj, System.IntPtr& mthis, System.IntPtr desc, System.Int32& exception_gchandle) [0x00004] in <b7935acd70e343049845d6fd73e5ec44>:0 
--- End of stack trace from previous location where exception was thrown ---
  at (wrapper managed-to-native) UIKit.UIApplication.UIApplicationMain(int,string[],intptr,intptr)
  at UIKit.UIApplication.Main (System.String[] args, System.IntPtr principal, System.IntPtr delegate) [0x00005] in <b7935acd70e343049845d6fd73e5ec44>:0 
  at UIKit.UIApplication.Main (System.String[] args, System.String principalClassName, System.String delegateClassName) [0x00038] in <b7935acd70e343049845d6fd73e5ec44>:0 
  at baka.Application.Main (System.String[] args) [0x00000] in <256ce4109a354d28b84d2d4d9e62e894>:0 
2018-03-14 22:28:18.639 baka[28835:5877534] Unhandled managed exception:
Exception has been thrown by the target of an invocation. (System.Reflection.TargetInvocationException)
  at System.Reflection.MonoCMethod.InternalInvoke (System.Object obj, System.Object[] parameters) [0x00017] in <cf9013b38a4e4129bd64785080dd2844>:0 
  at System.Reflection.MonoCMethod.DoInvoke (System.Object obj, System.Reflection.BindingFlags invokeAttr, System.Reflection.Binder binder, System.Object[] parameters, System.Globalization.CultureInfo culture) [0x0007a] in <cf9013b38a4e4129bd64785080dd2844>:0 
  at System.Reflection.MonoCMethod.Invoke (System.Reflection.BindingFlags invokeAttr, System.Reflection.Binder binder, System.Object[] parameters, System.Globalization.CultureInfo culture) [0x00000] in <cf9013b38a4e4129bd64785080dd2844>:0 
  at System.Reflection.ConstructorInfo.Invoke (System.Object[] parameters) [0x00000] in <cf9013b38a4e4129bd64785080dd2844>:0 
  at ObjCRuntime.Runtime.ConstructNSObject[T] (System.IntPtr ptr, System.Type type, ObjCRuntime.Runtime+MissingCtorResolution missingCtorResolution) [0x0003e] in <b7935acd70e343049845d6fd73e5ec44>:0 
  at ObjCRuntime.Runtime.ConstructNSObject (System.IntPtr ptr, System.IntPtr klass, ObjCRuntime.Runtime+MissingCtorResolution missingCtorResolution) [0x00013] in <b7935acd70e343049845d6fd73e5ec44>:0 
  at ObjCRuntime.Runtime.GetNSObject (System.IntPtr ptr, ObjCRuntime.Runtime+MissingCtorResolution missingCtorResolution, System.Boolean evenInFinalizerQueue) [0x00029] in <b7935acd70e343049845d6fd73e5ec44>:0 
  at Registrar.DynamicRegistrar.GetMethodDescriptionAndObject (System.Type type, System.IntPtr selector, System.Boolean is_static, System.IntPtr obj, System.IntPtr& mthis, System.IntPtr desc) [0x0005d] in <b7935acd70e343049845d6fd73e5ec44>:0 
  at ObjCRuntime.Runtime.GetMethodAndObjectForSelector (System.IntPtr klass, System.IntPtr sel, System.Boolean is_static, System.IntPtr obj, System.IntPtr& mthis, System.IntPtr desc) [0x0000b] in <b7935acd70e343049845d6fd73e5ec44>:0 
  at ObjCRuntime.Runtime.get_method_and_object_for_selector (System.IntPtr cls, System.IntPtr sel, System.Boolean is_static, System.IntPtr obj, System.IntPtr& mthis, System.IntPtr desc, System.Int32& exception_gchandle) [0x00004] in <b7935acd70e343049845d6fd73e5ec44>:0 
--- End of stack trace from previous location where exception was thrown ---
  at (wrapper managed-to-native) UIKit.UIApplication.UIApplicationMain(int,string[],intptr,intptr)
  at UIKit.UIApplication.Main (System.String[] args, System.IntPtr principal, System.IntPtr delegate) [0x00005] in <b7935acd70e343049845d6fd73e5ec44>:0 
  at UIKit.UIApplication.Main (System.String[] args, System.String principalClassName, System.String delegateClassName) [0x00038] in <b7935acd70e343049845d6fd73e5ec44>:0 
  at baka.Application.Main (System.String[] args) [0x00000] in <256ce4109a354d28b84d2d4d9e62e894>:0 
 --- inner exception ---
Object reference not set to an instance of an object (System.NullReferenceException)
  at baka.ZamekDetailViewController..ctor (System.IntPtr handle) [0x0001d] in <256ce4109a354d28b84d2d4d9e62e894>:0 
  at (wrapper managed-to-native) System.Reflection.MonoCMethod.InternalInvoke(System.Reflection.MonoCMethod,object,object[],System.Exception&)
  at System.Reflection.MonoCMethod.InternalInvoke (System.Object obj, System.Object[] parameters) [0x00002] in <cf9013b38a4e4129bd64785080dd2844>:0 
2018-03-14 22:28:18.639 baka[28835:5877534] critical: Stacktrace:

2018-03-14 22:28:18.639 baka[28835:5877534] critical: 
Native stacktrace:

2018-03-14 22:28:18.683 baka[28835:5877534] critical: 	0   baka                                0x0000000102df4704 mono_handle_native_crash + 244
2018-03-14 22:28:18.683 baka[28835:5877534] critical: 	1   libsystem_platform.dylib            0x000000011361af5a _sigtramp + 26
2018-03-14 22:28:18.683 baka[28835:5877534] critical: 	2   libsystem_pthread.dylib             0x000000011363930b _pthread_keys + 9787
2018-03-14 22:28:18.684 baka[28835:5877534] critical: 	3   libsystem_c.dylib                   0x00000001132b00eb abort + 127
2018-03-14 22:28:18.684 baka[28835:5877534] critical: 	4   baka                                0x0000000102f9b6f2 xamarin_unhandled_exception_handler + 34
2018-03-14 22:28:18.684 baka[28835:5877534] critical: 	5   baka                                0x0000000102e5adf4 mono_invoke_unhandled_exception_hook + 148
2018-03-14 22:28:18.684 baka[28835:5877534] critical: 	6   baka                                0x0000000102df44c7 mono_handle_exception_internal + 5623
2018-03-14 22:28:18.684 baka[28835:5877534] critical: 	7   baka                                0x0000000102df2ec9 mono_handle_exception + 25
2018-03-14 22:28:18.684 baka[28835:5877534] critical: 	8   baka                                0x0000000102d73e6f mono_amd64_throw_exception + 143
2018-03-14 22:28:18.685 baka[28835:5877534] critical: 	9   ???                                 0x000000012b126827 0x0 + 5017593895
2018-03-14 22:28:18.685 baka[28835:5877534] critical: 	10  baka                                0x0000000102fa0dbd xamarin_invoke_trampoline + 3613
2018-03-14 22:28:18.685 baka[28835:5877534] critical: 	11  baka                                0x0000000102fa299e xamarin_arch_trampoline + 78
2018-03-14 22:28:18.685 baka[28835:5877534] critical: 	12  baka                                0x0000000102fa3626 xamarin_x86_64_common_trampoline + 110
2018-03-14 22:28:18.685 baka[28835:5877534] critical: 	13  Foundation                          0x0000000104d68a63 -[NSObject(NSKeyValueCoding) setValue:forKey:] + 292
2018-03-14 22:28:18.686 baka[28835:5877534] critical: 	14  UIKit                               0x0000000105796117 -[UIViewController setValue:forKey:] + 87
2018-03-14 22:28:18.686 baka[28835:5877534] critical: 	15  UIKit                               0x0000000105a87c2d -[UIRuntimeOutletConnection connect] + 109
2018-03-14 22:28:18.686 baka[28835:5877534] critical: 	16  CoreFoundation                      0x00000001111c13cd -[NSArray makeObjectsPerformSelector:] + 317
2018-03-14 22:28:18.686 baka[28835:5877534] critical: 	17  UIKit                               0x0000000105a865e3 -[UINib instantiateWithOwner:options:] + 1856
2018-03-14 22:28:18.686 baka[28835:5877534] critical: 	18  UIKit                               0x0000000105f16fc2 -[UIStoryboard instantiateViewControllerWithIdentifier:] + 181
2018-03-14 22:28:18.686 baka[28835:5877534] critical: 	19  UIKit                               0x0000000105f26874 -[UIStoryboardSegueTemplate instantiateOrFindDestinationViewControllerWithSender:] + 90
2018-03-14 22:28:18.686 baka[28835:5877534] critical: 	20  UIKit                               0x0000000105f26ab8 -[UIStoryboardSegueTemplate _perform:] + 52
2018-03-14 22:28:18.687 baka[28835:5877534] critical: 	21  UIKit                               0x0000000105f26d9e -[UIStoryboardSegueTemplate perform:] + 157
2018-03-14 22:28:18.687 baka[28835:5877534] critical: 	22  UIKit                               0x00000001057387cb -[UITableView _selectRowAtIndexPath:animated:scrollPosition:notifyDelegate:] + 1700
2018-03-14 22:28:18.687 baka[28835:5877534] critical: 	23  UIKit                               0x0000000105738a54 -[UITableView _userSelectRowAtPendingSelectionIndexPath:] + 344
2018-03-14 22:28:18.687 baka[28835:5877534] critical: 	24  UIKit                               0x0000000105601d59 _runAfterCACommitDeferredBlocks + 318
2018-03-14 22:28:18.687 baka[28835:5877534] critical: 	25  UIKit                               0x00000001055f0bb1 _cleanUpAfterCAFlushAndRunDeferredBlocks + 280
2018-03-14 22:28:18.687 baka[28835:5877534] critical: 	26  UIKit                               0x00000001056200e0 _afterCACommitHandler + 137
2018-03-14 22:28:18.688 baka[28835:5877534] critical: 	27  CoreFoundation                      0x00000001111c0c07 __CFRUNLOOP_IS_CALLING_OUT_TO_AN_OBSERVER_CALLBACK_FUNCTION__ + 23
2018-03-14 22:28:18.688 baka[28835:5877534] critical: 	28  CoreFoundation                      0x00000001111c0b5e __CFRunLoopDoObservers + 430
2018-03-14 22:28:18.688 baka[28835:5877534] critical: 	29  CoreFoundation                      0x00000001111a5124 __CFRunLoopRun + 1572
2018-03-14 22:28:18.688 baka[28835:5877534] critical: 	30  CoreFoundation                      0x00000001111a4889 CFRunLoopRunSpecific + 409
2018-03-14 22:28:18.688 baka[28835:5877534] critical: 	31  GraphicsServices                    0x0000000113bae9c6 GSEventRunModal + 62
2018-03-14 22:28:18.689 baka[28835:5877534] critical: 	32  UIKit                               0x00000001055f65d6 UIApplicationMain + 159
2018-03-14 22:28:18.689 baka[28835:5877534] critical: 	33  ???                                 0x000000012d7e2913 0x0 + 5058210067
2018-03-14 22:28:18.689 baka[28835:5877534] critical: 	34  ???                                 0x000000012d7e2773 0x0 + 5058209651
2018-03-14 22:28:18.689 baka[28835:5877534] critical: 
=================================================================
Got a SIGABRT while executing native code. This usually indicates
a fatal error in the mono runtime or one of the native libraries 
used by your application.
=================================================================

